<?xml version="1.0" encoding="UTF-8"?>
<!-- Generated by org.testng.reporters.JUnitReportReporter -->
<testsuite hostname="MilanThakkar" failures="0" tests="3" name="amazonTest.ProfileHomePageTest" time="31.009" errors="0" timestamp="2022-03-28T19:27:00 EDT" skipped="0">
  <testcase classname="amazonTest.ProfileHomePageTest" name="verifyProfileNameTest" time="9.116"/>
  <testcase classname="amazonTest.ProfileHomePageTest" name="VerifyLinkTest" time="9.194"/>
  <testcase classname="amazonTest.ProfileHomePageTest" name="verifySignoutTest" time="12.699"/>
</testsuite> <!-- amazonTest.ProfileHomePageTest -->
