<?xml version="1.0" encoding="UTF-8"?>
<!-- Generated by org.testng.reporters.JUnitReportReporter -->
<testsuite hostname="MilanThakkar" failures="0" tests="3" name="amazonTest.signInPageTest" time="43.082" errors="0" timestamp="2022-04-02T15:02:32 EDT" skipped="0">
  <testcase classname="amazonTest.signInPageTest" name="verifyBlankEmailTest" time="13.973"/>
  <testcase classname="amazonTest.signInPageTest" name="verifyWrongEmailTest" time="15.053"/>
  <testcase classname="amazonTest.signInPageTest" name="verifyCorrectEmailTest" time="14.056"/>
</testsuite> <!-- amazonTest.signInPageTest -->
