<?xml version="1.0" encoding="UTF-8"?>
<!-- Generated by org.testng.reporters.JUnitReportReporter -->
<testsuite hostname="MilanThakkar" failures="0" tests="4" name="amazonTest.HomePageTest" time="23.367" errors="0" timestamp="2022-03-28T19:27:00 EDT" skipped="0">
  <testcase classname="amazonTest.HomePageTest" name="pageTitleTest" time="5.492"/>
  <testcase classname="amazonTest.HomePageTest" name="verifySearchSize" time="5.302"/>
  <testcase classname="amazonTest.HomePageTest" name="logoTest" time="6.174"/>
  <testcase classname="amazonTest.HomePageTest" name="signupTest" time="6.399"/>
</testsuite> <!-- amazonTest.HomePageTest -->
